# JRE version: Java(TM) SE Runtime Environment (17.0.7+8) (build 17.0.7+8-LTS-224)
# Java VM: Java HotSpot(TM) 64-Bit Server VM (17.0.7+8-LTS-224, mixed mode, sharing, tiered, compressed oops, compressed class ptrs, g1 gc, windows-amd64)
GC Precious Log:
 CPUs: 8 total, 8 available
 Memory: 8042M
 Large Page Support: Disabled
 NUMA Support: Disabled
 Compressed Oops: Enabled (32-bit)
 Heap Region Size: 1M
 Heap Min Capacity: 8M
 Heap Initial Capacity: 126M
 Heap Max Capacity: 2012M
 Pre-touch: Disabled
 Parallel Workers: 8
 Concurrent Workers: 2
 Concurrent Refinement Workers: 8
 Periodic GC: Disabled
Heap:
 garbage-first heap   total 96256K, used 52972K [0x0000000082400000, 0x0000000100000000)
  region size 1024K, 27 young (27648K), 1 survivors (1024K)
 Metaspace       used 51563K, committed 52032K, reserved 1097728K
  class space    used 6383K, committed 6656K, reserved 1048576K
GC Heap History (20 events):
Event: 7.759 GC heap before
{Heap before GC invocations=8 (full 0):
 garbage-first heap   total 58368K, used 24549K [0x0000000082400000, 0x0000000100000000)
  region size 1024K, 6 young (6144K), 3 survivors (3072K)
 Metaspace       used 35501K, committed 35968K, reserved 1081344K
  class space    used 4618K, committed 4864K, reserved 1048576K
}
Event: 7.765 GC heap after
{Heap after GC invocations=9 (full 0):
 garbage-first heap   total 58368K, used 22958K [0x0000000082400000, 0x0000000100000000)
  region size 1024K, 1 young (1024K), 1 survivors (1024K)
 Metaspace       used 35501K, committed 35968K, reserved 1081344K
  class space    used 4618K, committed 4864K, reserved 1048576K
}
Event: 10.129 GC heap before
{Heap before GC invocations=10 (full 0):
 garbage-first heap   total 58368K, used 43438K [0x0000000082400000, 0x0000000100000000)
  region size 1024K, 21 young (21504K), 1 survivors (1024K)
 Metaspace       used 38456K, committed 38912K, reserved 1089536K
  class space    used 5031K, committed 5248K, reserved 1048576K
}
Event: 10.131 GC heap after
{Heap after GC invocations=11 (full 0):
 garbage-first heap   total 58368K, used 24210K [0x0000000082400000, 0x0000000100000000)
  region size 1024K, 2 young (2048K), 2 survivors (2048K)
 Metaspace       used 38456K, committed 38912K, reserved 1089536K
  class space    used 5031K, committed 5248K, reserved 1048576K
}
Event: 10.215 GC heap before
{Heap before GC invocations=11 (full 0):
 garbage-first heap   total 58368K, used 25234K [0x0000000082400000, 0x0000000100000000)
  region size 1024K, 3 young (3072K), 2 survivors (2048K)
 Metaspace       used 38853K, committed 39296K, reserved 1089536K
  class space    used 5085K, committed 5312K, reserved 1048576K
}
Event: 10.218 GC heap after
{Heap after GC invocations=12 (full 0):
 garbage-first heap   total 58368K, used 24269K [0x0000000082400000, 0x0000000100000000)
  region size 1024K, 1 young (1024K), 1 survivors (1024K)
 Metaspace       used 38853K, committed 39296K, reserved 1089536K
  class space    used 5085K, committed 5312K, reserved 1048576K
}
Event: 11.028 GC heap before
{Heap before GC invocations=12 (full 0):
 garbage-first heap   total 58368K, used 43725K [0x0000000082400000, 0x0000000100000000)
  region size 1024K, 20 young (20480K), 1 survivors (1024K)
 Metaspace       used 43285K, committed 43712K, reserved 1089536K
  class space    used 5704K, committed 5888K, reserved 1048576K
}
Event: 11.031 GC heap after
{Heap after GC invocations=13 (full 0):
 garbage-first heap   total 58368K, used 26444K [0x0000000082400000, 0x0000000100000000)
  region size 1024K, 3 young (3072K), 3 survivors (3072K)
 Metaspace       used 43285K, committed 43712K, reserved 1089536K
  class space    used 5704K, committed 5888K, reserved 1048576K
}
Event: 821.729 GC heap before
{Heap before GC invocations=13 (full 0):
 garbage-first heap   total 58368K, used 42828K [0x0000000082400000, 0x0000000100000000)
  region size 1024K, 20 young (20480K), 3 survivors (3072K)
 Metaspace       used 49651K, committed 50112K, reserved 1097728K
  class space    used 6427K, committed 6656K, reserved 1048576K
}
Event: 821.782 GC heap after
{Heap after GC invocations=14 (full 0):
 garbage-first heap   total 58368K, used 28330K [0x0000000082400000, 0x0000000100000000)
  region size 1024K, 2 young (2048K), 2 survivors (2048K)
 Metaspace       used 49651K, committed 50112K, reserved 1097728K
  class space    used 6427K, committed 6656K, reserved 1048576K
}
Event: 6029.462 GC heap before
{Heap before GC invocations=14 (full 0):
 garbage-first heap   total 58368K, used 45738K [0x0000000082400000, 0x0000000100000000)
  region size 1024K, 19 young (19456K), 2 survivors (2048K)
 Metaspace       used 50433K, committed 50944K, reserved 1097728K
  class space    used 6433K, committed 6656K, reserved 1048576K
}
Event: 6029.552 GC heap after
{Heap after GC invocations=15 (full 0):
 garbage-first heap   total 58368K, used 28971K [0x0000000082400000, 0x0000000100000000)
  region size 1024K, 1 young (1024K), 1 survivors (1024K)
 Metaspace       used 50433K, committed 50944K, reserved 1097728K
  class space    used 6433K, committed 6656K, reserved 1048576K
}
Event: 10232.127 GC heap before
{Heap before GC invocations=16 (full 0):
 garbage-first heap   total 58368K, used 46379K [0x0000000082400000, 0x0000000100000000)
  region size 1024K, 18 young (18432K), 1 survivors (1024K)
 Metaspace       used 50795K, committed 51264K, reserved 1097728K
  class space    used 6382K, committed 6656K, reserved 1048576K
}
Event: 10232.149 GC heap after
{Heap after GC invocations=17 (full 0):
 garbage-first heap   total 97280K, used 28858K [0x0000000082400000, 0x0000000100000000)
  region size 1024K, 1 young (1024K), 1 survivors (1024K)
 Metaspace       used 50795K, committed 51264K, reserved 1097728K
  class space    used 6382K, committed 6656K, reserved 1048576K
}
Event: 11162.687 GC heap before
{Heap before GC invocations=17 (full 0):
 garbage-first heap   total 97280K, used 31930K [0x0000000082400000, 0x0000000100000000)
  region size 1024K, 4 young (4096K), 1 survivors (1024K)
 Metaspace       used 50803K, committed 51264K, reserved 1097728K
  class space    used 6382K, committed 6656K, reserved 1048576K
}
Event: 11162.767 GC heap after
{Heap after GC invocations=18 (full 0):
 garbage-first heap   total 97280K, used 27038K [0x0000000082400000, 0x0000000100000000)
  region size 1024K, 1 young (1024K), 1 survivors (1024K)
 Metaspace       used 50803K, committed 51264K, reserved 1097728K
  class space    used 6382K, committed 6656K, reserved 1048576K
}
Event: 32032.124 GC heap before
{Heap before GC invocations=18 (full 0):
 garbage-first heap   total 97280K, used 77214K [0x0000000082400000, 0x0000000100000000)
  region size 1024K, 50 young (51200K), 1 survivors (1024K)
 Metaspace       used 51346K, committed 51840K, reserved 1097728K
  class space    used 6392K, committed 6656K, reserved 1048576K
}
Event: 32032.158 GC heap after
{Heap after GC invocations=19 (full 0):
 garbage-first heap   total 97280K, used 27121K [0x0000000082400000, 0x0000000100000000)
  region size 1024K, 1 young (1024K), 1 survivors (1024K)
 Metaspace       used 51346K, committed 51840K, reserved 1097728K
  class space    used 6392K, committed 6656K, reserved 1048576K
}
Event: 96813.892 GC heap before
{Heap before GC invocations=19 (full 0):
 garbage-first heap   total 97280K, used 79345K [0x0000000082400000, 0x0000000100000000)
  region size 1024K, 52 young (53248K), 1 survivors (1024K)
 Metaspace       used 51556K, committed 52032K, reserved 1097728K
  class space    used 6395K, committed 6656K, reserved 1048576K
}
Event: 96813.920 GC heap after
{Heap after GC invocations=20 (full 0):
 garbage-first heap   total 97280K, used 27372K [0x0000000082400000, 0x0000000100000000)
  region size 1024K, 1 young (1024K), 1 survivors (1024K)
 Metaspace       used 51556K, committed 52032K, reserved 1097728K
  class space    used 6395K, committed 6656K, reserved 1048576K
}

